<?xml version="1.0" encoding="UTF-8"?>
<testng-results ignored="0" total="2" passed="2" failed="0" skipped="0">
  <reporter-output>
  </reporter-output>
  <suite started-at="2020-12-27T10:37:36 GMT" name="Default suite" finished-at="2020-12-27T10:37:58 GMT" duration-ms="22070">
    <groups>
    </groups>
    <test started-at="2020-12-27T10:37:36 GMT" name="Default test" finished-at="2020-12-27T10:37:58 GMT" duration-ms="22070">
      <class name="com.demoqa.testcases.ElementsTextboxTest">
        <test-method signature="textBoxTest1([Ljava.lang.String;)[pri:0, instance:com.demoqa.testcases.ElementsTextboxTest@776b83cc]" started-at="2020-12-27T10:37:36 GMT" name="textBoxTest1" data-provider="ElementsTextboxTestData" finished-at="2020-12-27T10:37:49 GMT" duration-ms="12483" status="PASS">
          <params>
            <param index="0">
              <value>
                <![CDATA[[Ljava.lang.String;@6d5037a9]]>
              </value>
            </param>
          </params>
          <reporter-output>
          </reporter-output>
        </test-method> <!-- textBoxTest1 -->
        <test-method signature="textBoxTest1([Ljava.lang.String;)[pri:0, instance:com.demoqa.testcases.ElementsTextboxTest@776b83cc]" started-at="2020-12-27T10:37:49 GMT" name="textBoxTest1" data-provider="ElementsTextboxTestData" finished-at="2020-12-27T10:37:58 GMT" duration-ms="8825" status="PASS">
          <params>
            <param index="0">
              <value>
                <![CDATA[[Ljava.lang.String;@422b8438]]>
              </value>
            </param>
          </params>
          <reporter-output>
          </reporter-output>
        </test-method> <!-- textBoxTest1 -->
      </class> <!-- com.demoqa.testcases.ElementsTextboxTest -->
    </test> <!-- Default test -->
  </suite> <!-- Default suite -->
</testng-results>
